Frontend-Node:  =======================================================================
                FPBA has been activated in order to calculate connectivity information.
                =======================================================================

======================================================
 - pinning rule in use   : PINNING_RULE_MCALC_SKIP_ALL
 - desired group         : 0, sockets = 0
 - num cores available   : 8
 - num accessible procs          : 8
 - num logical procs             : 8
 - affinity (main thread)        : 11111111
 - sockets                       : 0
 - potential cores               : 0,2,4,6
 - affinity                      : 10101010
 - core list                  (3): 0,2,4,6
 - active cores          : 0,2,4,6
 - hyperthreading        : on
 - allowed core ids      : 0,2,4,6
 - allowed core ids (aff): 1010 1010 
 - used mask (string)    : 1010 1010 
======================================================

===================================================================================================
Version: 2022.4 Release from 2022-04-26 (change 967892) [Release]
Workflow: PBA matrix coefficients
Operation: [acis, fpba, meshfill, bg, port-path, port-domain, tst, tst-nextgen, coeff, surface-imp]
Architecture: Windows, ID: AMD64
System Windows-64bit
Using processor group 0/1
HEX Mesh information:
Hex mesh: global: [hxr o(0 | 0 | 0) s(34 | 4 | 11) np (no TSTs): 1496] 
===================================================================================================

>>>>>>>>>>>>>>>>>>>>>>>>>>>>>>>>>>>>>>>>
2022 Sep 23 (Fri):  10:22:23
started: calculating matrix coefficients
>>>>>>>>>>>>>>>>>>>>>>>>>>>>>>>>>>>>>>>>

================================================================
Matrix computation (PBA)
	[PERFECT BOUNDARY APPROXIMATION (PBA) (R), version: default]
	[GPU acceleration: off (by user)]
Version 2022.4 (build 20220426)
PBA version 2022042622
Sub-Workflow: FARM-1x1-TST2
Workflow updated: -
2022 Sep 23 (Fri):  10:22:23
================================================================

----------------------------------------------
Used point accuracy enhancement value: 75.00%.
----------------------------------------------

************************************************************************************************
General settings
	PBA version: default
------------------------------------------------------------------------------------------------
Geometry processor: default
	Geo accuracy: 75.000000
	Watertightness check: true
	Self intersection check: false
	Inheritance (all): false
	Normal dominance (all): false
	Normal dominance (ports): false
	Flanges hollow: true
	One shape per flange: false
	Multi threading: true
		max # of threads used: 8
		requested max # of threads: 8
		representation: indexed
		method: multi thread
		retry: no
------------------------------------------------------------------------------------------------
Connectivity settings
	Workflow selection: 0
	Workflow version: 20180101
	Gap detection: true
	Gap detection version: 2
	TST version: 2
	QQ workflow: true
	CoCo workflow: true
	Legacy topology: false
	Connectivity check: false
------------------------------------------------------------------------------------------------
************************************************************************************************

------------------------------------------------------------------------------------------------
Geometry processing log
	PEC background is represented by CAD geometry: false
	Background shape: used
	Multithread portion: 100.00
	Number of CAD shapes: 3
	Number of lumps: 0
------------------------------------------------------------------------------------------------
===================================================================================================
== CST Matrix Calculation Priority Log
===================================================================================================
 
Priorities are sorted in ascending order beginning with the lowest priority
 
Priority-group: 1, shape 4: </cst/Boundaries/> Low^X,   material: $NFSMaterial$,  user-priority: 0.000000,   material-attributes: normal.vacuum,  shape-attributes: boundary,    scheme type:FIT_TD
Priority-group: 1, shape 5: </cst/Boundaries/> Low^Y,   material: $NFSMaterial$,  user-priority: 0.000000,   material-attributes: normal.vacuum,  shape-attributes: boundary,    scheme type:FIT_TD
Priority-group: 1, shape 6: </cst/Boundaries/> Low^Z,   material: $NFSMaterial$,  user-priority: 0.000000,   material-attributes: normal.vacuum,  shape-attributes: boundary,    scheme type:FIT_TD
Priority-group: 1, shape 7: </cst/Boundaries/> Up^X,    material: $NFSMaterial$,  user-priority: 0.000000,   material-attributes: normal.vacuum,  shape-attributes: boundary,    scheme type:FIT_TD
Priority-group: 1, shape 8: </cst/Boundaries/> Up^Y,    material: $NFSMaterial$,  user-priority: 0.000000,   material-attributes: normal.vacuum,  shape-attributes: boundary,    scheme type:FIT_TD
Priority-group: 1, shape 9: </cst/Boundaries/> Up^Z,    material: $NFSMaterial$,  user-priority: 0.000000,   material-attributes: normal.vacuum,  shape-attributes: boundary,    scheme type:FIT_TD
Priority-group: 2, shape 3: Substrate:Substrate,    material: Rogers RT5880 (lossy),  user-priority: 0.000000,   2D/3D-geometry: true, material-attributes: dispersive-mue.normal,  shape-attributes: solid,   scheme type:FIT_TD
Priority-group: 3, shape 2: Patch:Feed, material: Copper (annealed),  user-priority: 0.000000,   2D/3D-geometry: true, material-attributes: pec.rho.surface-impedance,  shape-attributes: solid,   scheme type:FIT_TD
Priority-group: 4, shape 1: GroundPlane:GroundPlane,    material: Copper (annealed),  user-priority: 0.000000,   2D/3D-geometry: true, material-attributes: pec.rho.surface-impedance,  shape-attributes: sheet,   scheme type:FIT_TD
 
===================================================================================================
 
FARM allocation scheme: BBM
Gap-Detection activated for FARM-topology. Gaps are resolved, even partially.: gap tolerance value is 0.001000 and mesh geometry scale is 0.001000

----------------------
Acceleration mode: CPU
----------------------

Port homogenization method: M2H point index deviation
ccccccccccccccccccccccccccccccccccccccccccccccccccccccccccccccccccccc
FARM/Meshfill cache is set to 8 (local FI domains: 1, dynamic: false)
ccccccccccccccccccccccccccccccccccccccccccccccccccccccccccccccccccccc

=============================================================
Hex cell analyzer settings:
	max number of E fields per mesh edge: 2
	max number of H fields per mesh face: 4
	supporting dual grid: false
	performance improvement: ROI limit: true
	performance improvement: ROI threshold: 2
	performance improvement: single topology extraction: true
	performance improvement: pre-categorize cell volume: true
	periodic align: 0
	periodic cells: true
	homogenization version: pid
=============================================================

------------------------------------------------------------------------------
+++++++++++++++++++++++++++++++++++++++++++++++++++++
settings for port mode calculation
+++++++++++++++++++++++++++++++++++++++++++++++++++++
PBA fill limit is applied in inverse mode.
PBA fill limit is applied on faces filled with at least 99.00% metal material.
--------------------------------------------------------------
detailed accuracy settings:
--------------------------------------------------------------
augmented fill limit:       true
augmented fill limit value: 99.00
automatic fill limit:       true
early fill limit:           true
inverse fill limit:         true
model complexity:           0.00
legacy 2015:                false
fixed point accuracy:       false
minimum point accuracy:     0
mesh step inheritance:      false
accuracy mode:              
------------------------------------------------------------------------------

--------------------------------------
Glued 0 metal grid points in port area
--------------------------------------

=================================
Finished matrix computation (PBA)
=================================

<<<<<<<<<<<<<<<<<<<<<<<<<<<<<<<<<<<<<<<<<<<<<<<<<<<
2022 Sep 23 (Fri):  10:22:24
Resource usage for calculating matrix coefficients:
	Runtime                          00:00:00.00882
	Peak Memory Usage:                        27 MB
<<<<<<<<<<<<<<<<<<<<<<<<<<<<<<<<<<<<<<<<<<<<<<<<<<<

--------------------------------
# of staircase filled cells: 0
# of staircase filled areas: 0
# of staircase filled edges: 0
# of faces above fill limit: 0
# of edges with FPBA topology: 0
--------------------------------

Frontend-Node:  =======================================================================
                FPBA has been activated in order to calculate connectivity information.
                =======================================================================

======================================================
 - pinning rule in use   : PINNING_RULE_MCALC_SKIP_ALL
 - desired group         : 0, sockets = 0
 - num cores available   : 8
 - num accessible procs          : 8
 - num logical procs             : 8
 - affinity (main thread)        : 11111111
 - sockets                       : 0
 - potential cores               : 0,2,4,6
 - affinity                      : 10101010
 - core list                  (3): 0,2,4,6
 - active cores          : 0,2,4,6
 - hyperthreading        : on
 - allowed core ids      : 0,2,4,6
 - allowed core ids (aff): 1010 1010 
 - used mask (string)    : 1010 1010 
======================================================

===================================================================================================
Version: 2022.4 Release from 2022-04-26 (change 967892) [Release]
Workflow: PBA matrix coefficients
Operation: [acis, fpba, meshfill, bg, port-path, port-domain, tst, tst-nextgen, coeff, surface-imp]
Architecture: Windows, ID: AMD64
System Windows-64bit
Using processor group 0/1
HEX Mesh information:
Hex mesh: global: [hxr o(0 | 0 | 0) s(42 | 4 | 19) np (no TSTs): 3192] 
===================================================================================================

>>>>>>>>>>>>>>>>>>>>>>>>>>>>>>>>>>>>>>>>
2022 Sep 23 (Fri):  10:22:26
started: calculating matrix coefficients
>>>>>>>>>>>>>>>>>>>>>>>>>>>>>>>>>>>>>>>>

================================================================
Matrix computation (PBA)
	[PERFECT BOUNDARY APPROXIMATION (PBA) (R), version: default]
	[GPU acceleration: off (by user)]
Version 2022.4 (build 20220426)
PBA version 2022042622
Sub-Workflow: FARM-1x1-TST2
Workflow updated: -
2022 Sep 23 (Fri):  10:22:26
================================================================

----------------------------------------------
Used point accuracy enhancement value: 75.00%.
----------------------------------------------

************************************************************************************************
General settings
	PBA version: default
------------------------------------------------------------------------------------------------
Geometry processor: default
	Geo accuracy: 75.000000
	Watertightness check: true
	Self intersection check: false
	Inheritance (all): false
	Normal dominance (all): false
	Normal dominance (ports): false
	Flanges hollow: true
	One shape per flange: false
	Multi threading: true
		max # of threads used: 8
		requested max # of threads: 8
		representation: indexed
		method: multi thread
		retry: no
------------------------------------------------------------------------------------------------
Connectivity settings
	Workflow selection: 0
	Workflow version: 20180101
	Gap detection: true
	Gap detection version: 2
	TST version: 2
	QQ workflow: true
	CoCo workflow: true
	Legacy topology: false
	Connectivity check: false
------------------------------------------------------------------------------------------------
************************************************************************************************

------------------------------------------------------------------------------------------------
Geometry processing log
	PEC background is represented by CAD geometry: false
	Background shape: used
	Multithread portion: 100.00
	Number of CAD shapes: 3
	Number of lumps: 0
------------------------------------------------------------------------------------------------
===================================================================================================
== CST Matrix Calculation Priority Log
===================================================================================================
 
Priorities are sorted in ascending order beginning with the lowest priority
 
Priority-group: 1, shape 4: </cst/Boundaries/> Low^X,   material: $NFSMaterial$,  user-priority: 0.000000,   material-attributes: normal.vacuum,  shape-attributes: boundary,    scheme type:FIT_TD
Priority-group: 1, shape 5: </cst/Boundaries/> Low^Y,   material: $NFSMaterial$,  user-priority: 0.000000,   material-attributes: normal.vacuum,  shape-attributes: boundary,    scheme type:FIT_TD
Priority-group: 1, shape 6: </cst/Boundaries/> Low^Z,   material: $NFSMaterial$,  user-priority: 0.000000,   material-attributes: normal.vacuum,  shape-attributes: boundary,    scheme type:FIT_TD
Priority-group: 1, shape 7: </cst/Boundaries/> Up^X,    material: $NFSMaterial$,  user-priority: 0.000000,   material-attributes: normal.vacuum,  shape-attributes: boundary,    scheme type:FIT_TD
Priority-group: 1, shape 8: </cst/Boundaries/> Up^Y,    material: $NFSMaterial$,  user-priority: 0.000000,   material-attributes: normal.vacuum,  shape-attributes: boundary,    scheme type:FIT_TD
Priority-group: 1, shape 9: </cst/Boundaries/> Up^Z,    material: $NFSMaterial$,  user-priority: 0.000000,   material-attributes: normal.vacuum,  shape-attributes: boundary,    scheme type:FIT_TD
Priority-group: 2, shape 3: Substrate:Substrate,    material: Rogers RT5880 (lossy),  user-priority: 0.000000,   2D/3D-geometry: true, material-attributes: dispersive-mue.normal,  shape-attributes: solid,   scheme type:FIT_TD
Priority-group: 3, shape 2: Patch:Feed, material: Copper (annealed),  user-priority: 0.000000,   2D/3D-geometry: true, material-attributes: pec.rho.surface-impedance,  shape-attributes: solid,   scheme type:FIT_TD
Priority-group: 4, shape 1: GroundPlane:GroundPlane,    material: Copper (annealed),  user-priority: 0.000000,   2D/3D-geometry: true, material-attributes: pec.rho.surface-impedance,  shape-attributes: sheet,   scheme type:FIT_TD
 
===================================================================================================
 
FARM allocation scheme: BBM
Gap-Detection activated for FARM-topology. Gaps are resolved, even partially.: gap tolerance value is 0.001000 and mesh geometry scale is 0.001000

----------------------
Acceleration mode: CPU
----------------------

Port homogenization method: M2H point index deviation
ccccccccccccccccccccccccccccccccccccccccccccccccccccccccccccccccccccc
FARM/Meshfill cache is set to 8 (local FI domains: 1, dynamic: false)
ccccccccccccccccccccccccccccccccccccccccccccccccccccccccccccccccccccc

=============================================================
Hex cell analyzer settings:
	max number of E fields per mesh edge: 2
	max number of H fields per mesh face: 4
	supporting dual grid: false
	performance improvement: ROI limit: true
	performance improvement: ROI threshold: 2
	performance improvement: single topology extraction: true
	performance improvement: pre-categorize cell volume: true
	periodic align: 0
	periodic cells: true
	homogenization version: pid
=============================================================

------------------------------------------------------------------------------
+++++++++++++++++++++++++++++++++++++++++++++++++++++
settings for port mode calculation
+++++++++++++++++++++++++++++++++++++++++++++++++++++
PBA fill limit is applied in inverse mode.
PBA fill limit is applied on faces filled with at least 99.00% metal material.
--------------------------------------------------------------
detailed accuracy settings:
--------------------------------------------------------------
augmented fill limit:       true
augmented fill limit value: 99.00
automatic fill limit:       true
early fill limit:           true
inverse fill limit:         true
model complexity:           0.00
legacy 2015:                false
fixed point accuracy:       false
minimum point accuracy:     0
mesh step inheritance:      false
accuracy mode:              
------------------------------------------------------------------------------

--------------------------------------
Glued 0 metal grid points in port area
--------------------------------------

=================================
Finished matrix computation (PBA)
=================================

<<<<<<<<<<<<<<<<<<<<<<<<<<<<<<<<<<<<<<<<<<<<<<<<<<<
2022 Sep 23 (Fri):  10:22:28
Resource usage for calculating matrix coefficients:
	Runtime                          00:00:01.00291
	Peak Memory Usage:                        34 MB
<<<<<<<<<<<<<<<<<<<<<<<<<<<<<<<<<<<<<<<<<<<<<<<<<<<

--------------------------------
# of staircase filled cells: 0
# of staircase filled areas: 0
# of staircase filled edges: 0
# of faces above fill limit: 0
# of edges with FPBA topology: 0
--------------------------------

Frontend-Node:  =======================================================================
                FPBA has been activated in order to calculate connectivity information.
                =======================================================================

======================================================
 - pinning rule in use   : PINNING_RULE_MCALC_SKIP_ALL
 - desired group         : 0, sockets = 0
 - num cores available   : 8
 - num accessible procs          : 8
 - num logical procs             : 8
 - affinity (main thread)        : 11111111
 - sockets                       : 0
 - potential cores               : 0,2,4,6
 - affinity                      : 10101010
 - core list                  (3): 0,2,4,6
 - active cores          : 0,2,4,6
 - hyperthreading        : on
 - allowed core ids      : 0,2,4,6
 - allowed core ids (aff): 1010 1010 
 - used mask (string)    : 1010 1010 
======================================================

===================================================================================================
Version: 2022.4 Release from 2022-04-26 (change 967892) [Release]
Workflow: PBA matrix coefficients
Operation: [acis, fpba, meshfill, bg, port-path, port-domain, tst, tst-nextgen, coeff, surface-imp]
Architecture: Windows, ID: AMD64
System Windows-64bit
Using processor group 0/1
HEX Mesh information:
Hex mesh: global: [hxr o(0 | 0 | 0) s(54 | 4 | 31) np (no TSTs): 6696] 
===================================================================================================

>>>>>>>>>>>>>>>>>>>>>>>>>>>>>>>>>>>>>>>>
2022 Sep 23 (Fri):  10:22:31
started: calculating matrix coefficients
>>>>>>>>>>>>>>>>>>>>>>>>>>>>>>>>>>>>>>>>

================================================================
Matrix computation (PBA)
	[PERFECT BOUNDARY APPROXIMATION (PBA) (R), version: default]
	[GPU acceleration: off (by user)]
Version 2022.4 (build 20220426)
PBA version 2022042622
Sub-Workflow: FARM-1x1-TST2
Workflow updated: -
2022 Sep 23 (Fri):  10:22:31
================================================================

----------------------------------------------
Used point accuracy enhancement value: 75.00%.
----------------------------------------------

************************************************************************************************
General settings
	PBA version: default
------------------------------------------------------------------------------------------------
Geometry processor: default
	Geo accuracy: 75.000000
	Watertightness check: true
	Self intersection check: false
	Inheritance (all): false
	Normal dominance (all): false
	Normal dominance (ports): false
	Flanges hollow: true
	One shape per flange: false
	Multi threading: true
		max # of threads used: 8
		requested max # of threads: 8
		representation: indexed
		method: multi thread
		retry: no
------------------------------------------------------------------------------------------------
Connectivity settings
	Workflow selection: 0
	Workflow version: 20180101
	Gap detection: true
	Gap detection version: 2
	TST version: 2
	QQ workflow: true
	CoCo workflow: true
	Legacy topology: false
	Connectivity check: false
------------------------------------------------------------------------------------------------
************************************************************************************************

------------------------------------------------------------------------------------------------
Geometry processing log
	PEC background is represented by CAD geometry: false
	Background shape: used
	Multithread portion: 100.00
	Number of CAD shapes: 3
	Number of lumps: 0
------------------------------------------------------------------------------------------------
===================================================================================================
== CST Matrix Calculation Priority Log
===================================================================================================
 
Priorities are sorted in ascending order beginning with the lowest priority
 
Priority-group: 1, shape 4: </cst/Boundaries/> Low^X,   material: $NFSMaterial$,  user-priority: 0.000000,   material-attributes: normal.vacuum,  shape-attributes: boundary,    scheme type:FIT_TD
Priority-group: 1, shape 5: </cst/Boundaries/> Low^Y,   material: $NFSMaterial$,  user-priority: 0.000000,   material-attributes: normal.vacuum,  shape-attributes: boundary,    scheme type:FIT_TD
Priority-group: 1, shape 6: </cst/Boundaries/> Low^Z,   material: $NFSMaterial$,  user-priority: 0.000000,   material-attributes: normal.vacuum,  shape-attributes: boundary,    scheme type:FIT_TD
Priority-group: 1, shape 7: </cst/Boundaries/> Up^X,    material: $NFSMaterial$,  user-priority: 0.000000,   material-attributes: normal.vacuum,  shape-attributes: boundary,    scheme type:FIT_TD
Priority-group: 1, shape 8: </cst/Boundaries/> Up^Y,    material: $NFSMaterial$,  user-priority: 0.000000,   material-attributes: normal.vacuum,  shape-attributes: boundary,    scheme type:FIT_TD
Priority-group: 1, shape 9: </cst/Boundaries/> Up^Z,    material: $NFSMaterial$,  user-priority: 0.000000,   material-attributes: normal.vacuum,  shape-attributes: boundary,    scheme type:FIT_TD
Priority-group: 2, shape 3: Substrate:Substrate,    material: Rogers RT5880 (lossy),  user-priority: 0.000000,   2D/3D-geometry: true, material-attributes: dispersive-mue.normal,  shape-attributes: solid,   scheme type:FIT_TD
Priority-group: 3, shape 2: Patch:Feed, material: Copper (annealed),  user-priority: 0.000000,   2D/3D-geometry: true, material-attributes: pec.rho.surface-impedance,  shape-attributes: solid,   scheme type:FIT_TD
Priority-group: 4, shape 1: GroundPlane:GroundPlane,    material: Copper (annealed),  user-priority: 0.000000,   2D/3D-geometry: true, material-attributes: pec.rho.surface-impedance,  shape-attributes: sheet,   scheme type:FIT_TD
 
===================================================================================================
 
FARM allocation scheme: BBM
Gap-Detection activated for FARM-topology. Gaps are resolved, even partially.: gap tolerance value is 0.001000 and mesh geometry scale is 0.001000

----------------------
Acceleration mode: CPU
----------------------

Port homogenization method: M2H point index deviation
ccccccccccccccccccccccccccccccccccccccccccccccccccccccccccccccccccccc
FARM/Meshfill cache is set to 8 (local FI domains: 1, dynamic: false)
ccccccccccccccccccccccccccccccccccccccccccccccccccccccccccccccccccccc

=============================================================
Hex cell analyzer settings:
	max number of E fields per mesh edge: 2
	max number of H fields per mesh face: 4
	supporting dual grid: false
	performance improvement: ROI limit: true
	performance improvement: ROI threshold: 2
	performance improvement: single topology extraction: true
	performance improvement: pre-categorize cell volume: true
	periodic align: 0
	periodic cells: true
	homogenization version: pid
=============================================================

------------------------------------------------------------------------------
+++++++++++++++++++++++++++++++++++++++++++++++++++++
settings for port mode calculation
+++++++++++++++++++++++++++++++++++++++++++++++++++++
PBA fill limit is applied in inverse mode.
PBA fill limit is applied on faces filled with at least 99.00% metal material.
--------------------------------------------------------------
detailed accuracy settings:
--------------------------------------------------------------
augmented fill limit:       true
augmented fill limit value: 99.00
automatic fill limit:       true
early fill limit:           true
inverse fill limit:         true
model complexity:           0.00
legacy 2015:                false
fixed point accuracy:       false
minimum point accuracy:     0
mesh step inheritance:      false
accuracy mode:              
------------------------------------------------------------------------------

--------------------------------------
Glued 0 metal grid points in port area
--------------------------------------

=================================
Finished matrix computation (PBA)
=================================

<<<<<<<<<<<<<<<<<<<<<<<<<<<<<<<<<<<<<<<<<<<<<<<<<<<
2022 Sep 23 (Fri):  10:22:34
Resource usage for calculating matrix coefficients:
	Runtime                          00:00:03.00133
	Peak Memory Usage:                        48 MB
<<<<<<<<<<<<<<<<<<<<<<<<<<<<<<<<<<<<<<<<<<<<<<<<<<<

--------------------------------
# of staircase filled cells: 0
# of staircase filled areas: 0
# of staircase filled edges: 0
# of faces above fill limit: 0
# of edges with FPBA topology: 0
--------------------------------

Frontend-Node:  =======================================================================
                FPBA has been activated in order to calculate connectivity information.
                =======================================================================

>>>>>>>>>>>>>>>>>>>>>>>>>>>>>>>>
2022 Sep 23 (Fri):  10:22:39
started: parallelization control
>>>>>>>>>>>>>>>>>>>>>>>>>>>>>>>>

======================================================
 - pinning rule in use   : PINNING_RULE_MCALC_SKIP_ALL
 - desired group         : 0, sockets = 0
 - num cores available   : 8
 - num accessible procs          : 8
 - num logical procs             : 8
 - affinity (main thread)        : 11111111
 - sockets                       : 0
 - potential cores               : 0,2,4,6
 - affinity                      : 10101010
 - core list                  (3): 0,2,4,6
 - active cores          : 0,2,4,6
 - hyperthreading        : on
 - allowed core ids      : 0,2,4,6
 - allowed core ids (aff): 1010 1010 
 - used mask (string)    : 1010 1010 
======================================================

=========================================================================
Version: 2022.4 Release from 2022-04-26 (change 967892) [Release]
Workflow: QQ-Facets
Operation: [acis, fpba, bg]
Architecture: Windows, ID: AMD64
System Windows-64bit
Using processor group 0/1
HEX Mesh information:
Hex mesh: global: [hxr o(0 | 0 | 0) s(88 | 49 | 18) np (no TSTs): 77616] 
=========================================================================

>>>>>>>>>>>>>>>>>>>>>>>>>>>>>
2022 Sep 23 (Fri):  10:22:39
started: processing CAD model
>>>>>>>>>>>>>>>>>>>>>>>>>>>>>

========================================================================
Processing CAD model (for field results)
	[Improved internal geometry representation]
	[Accuracy improvement for long shapes in inhomogeneous mesh regions]
Version 2022.4 (build 20220426)
PBA version 2022042622
Sub-Workflow: Facets-QQ-GEX
Workflow updated: -
2022 Sep 23 (Fri):  10:22:39
========================================================================

===========================================
Finished CAD processing (for field results)
===========================================

<<<<<<<<<<<<<<<<<<<<<<<<<<<<<<<<<<<<<<<<<<
2022 Sep 23 (Fri):  10:22:39
Resource usage for processing CAD model:
	Runtime                 00:00:00.00256
	Peak Memory Usage:               18 MB
<<<<<<<<<<<<<<<<<<<<<<<<<<<<<<<<<<<<<<<<<<

>>>>>>>>>>>>>>>>>>>>>>>>>>>>>
2022 Sep 23 (Fri):  10:22:39
started: processing CAD model
>>>>>>>>>>>>>>>>>>>>>>>>>>>>>

========================================================================
Processing CAD model
	[Improved internal geometry representation]
	[Accuracy improvement for long shapes in inhomogeneous mesh regions]
Version 2022.4 (build 20220426)
PBA version 2022042622
Sub-Workflow: Facets-QQ-GEX
Workflow updated: -
2022 Sep 23 (Fri):  10:22:39
========================================================================

----------------------------------------------
Used point accuracy enhancement value: 72.00%.
----------------------------------------------

=============================================================================
Mesh statistics:
-----------------------------------------------------------------------------
Minimum edge length (x): 0.501 @ mesh line 21 (x)
Maximum edge length (x): 3.78 @ mesh line 85 (x)
Minimum face area (x): 0.345 @ mesh lines 9 | 6 (y | z)
Maximum face area (x): 18.9 @ mesh lines 1 | 15 (y | z)
Minimum edge length (y): 0.646 @ mesh line 9 (y)
Maximum edge length (y): 4.34 @ mesh line 1 (y)
Minimum face area (y): 0.267 @ mesh lines 6 | 21 (z | x)
Maximum face area (y): 16.4 @ mesh lines 15 | 85 (z | x)
Minimum edge length (z): 0.533 @ mesh line 6 (z)
Maximum edge length (z): 4.34 @ mesh line 15 (z)
Minimum face area (z): 0.323 @ mesh lines 21 | 9 (x | y)
Maximum face area (z): 16.4 @ mesh lines 85 | 1 (x | y)
Maximum mesh face aspect ratio (x): 8.15 : 1.0  @ mesh lines 1 | 6 (y | z)
Maximum mesh face aspect ratio (y): 8.68 : 1.0  @ mesh lines 15 | 21 (z | x)
Maximum mesh face aspect ratio (z): 8.68 : 1.0  @ mesh lines 21 | 1 (x | y)
=============================================================================

=============================================================================
Available resources to store TST cells: 2147406031 (2766705.36% of mesh size)
=============================================================================

************************************************************************************************
General settings
	PBA version: default
------------------------------------------------------------------------------------------------
Geometry processor: default
	Geo accuracy: 72.000000
	Watertightness check: true
	Self intersection check: false
	Inheritance (all): false
	Normal dominance (all): false
	Normal dominance (ports): false
	Flanges hollow: true
	One shape per flange: false
	Multi threading: true
		max # of threads used: 8
		requested max # of threads: 8
		representation: indexed
		method: multi thread
		retry: no
------------------------------------------------------------------------------------------------
Connectivity settings
	Workflow selection: 0
	Workflow version: 20190101
	Gap detection: true
	Gap detection version: 2
	TST version: 2
	QQ workflow: true
	CoCo workflow: true
	Legacy topology: false
	Connectivity check: true
------------------------------------------------------------------------------------------------
************************************************************************************************

------------------------------------------------------------------------------------------------
Geometry processing log
	PEC background is represented by CAD geometry: false
	Background shape: used
	Multithread portion: 100.00
	Number of CAD shapes: 3
	Number of lumps: 0
------------------------------------------------------------------------------------------------
===================================================================================================
== CST Matrix Calculation Priority Log
===================================================================================================
 
Priorities are sorted in ascending order beginning with the lowest priority
 
Priority-group: 1, shape 4: </cst/Boundaries/> Low^X,   material: $NFSMaterial$,  user-priority: 0.000000,   material-attributes: normal.vacuum,  shape-attributes: boundary,    scheme type:FIT_TD
Priority-group: 1, shape 5: </cst/Boundaries/> Low^Y,   material: $NFSMaterial$,  user-priority: 0.000000,   material-attributes: normal.vacuum,  shape-attributes: boundary,    scheme type:FIT_TD
Priority-group: 1, shape 6: </cst/Boundaries/> Low^Z,   material: $NFSMaterial$,  user-priority: 0.000000,   material-attributes: normal.vacuum,  shape-attributes: boundary,    scheme type:FIT_TD
Priority-group: 1, shape 7: </cst/Boundaries/> Up^X,    material: $NFSMaterial$,  user-priority: 0.000000,   material-attributes: normal.vacuum,  shape-attributes: boundary,    scheme type:FIT_TD
Priority-group: 1, shape 8: </cst/Boundaries/> Up^Y,    material: $NFSMaterial$,  user-priority: 0.000000,   material-attributes: normal.vacuum,  shape-attributes: boundary,    scheme type:FIT_TD
Priority-group: 1, shape 9: </cst/Boundaries/> Up^Z,    material: $NFSMaterial$,  user-priority: 0.000000,   material-attributes: normal.vacuum,  shape-attributes: boundary,    scheme type:FIT_TD
Priority-group: 2, shape 3: Substrate:Substrate,    material: Rogers RT5880 (lossy),  user-priority: 0.000000,   2D/3D-geometry: true, material-attributes: dispersive-mue.normal,  shape-attributes: solid,   scheme type:FIT_TD
Priority-group: 3, shape 2: Patch:Feed, material: Copper (annealed),  user-priority: 0.000000,   2D/3D-geometry: true, material-attributes: pec.rho.surface-impedance,  shape-attributes: solid,   scheme type:FIT_TD
Priority-group: 4, shape 1: GroundPlane:GroundPlane,    material: Copper (annealed),  user-priority: 0.000000,   2D/3D-geometry: true, material-attributes: pec.rho.surface-impedance,  shape-attributes: sheet,   scheme type:FIT_TD
 
===================================================================================================
 
=======================
Finished CAD processing
=======================

<<<<<<<<<<<<<<<<<<<<<<<<<<<<<<<<<<<<<<<<<<
2022 Sep 23 (Fri):  10:22:39
Resource usage for processing CAD model:
	Runtime                 00:00:00.00129
	Peak Memory Usage:               18 MB
<<<<<<<<<<<<<<<<<<<<<<<<<<<<<<<<<<<<<<<<<<

------------------------------------------------------------
Parallelization Info
------------------------------------------------------------
Hyperthreading active: true
Hyperthreading used: false
Number of concurrent threads: 2
Number of node domains: 2
Domains-to-threads scaling: 2
Average FI domain size: 1e+04
Nice mode: true
Delayed matrix calculation start: false
Load balancing: Version 20090403
Number of mesh fill domains: 8
Memory downscale: 1
CPU load: 50.00%
Emptiness: 0.00%
Hex mesh complexity: 0.07099
Geometric complexity: 0.00154
lower size limit of domain (1D): 60
------------------------------------------------------------
Node order
1, 0
------------------------------------------------------------

------------------------------------------------------------------
Matrix calculation job submit section 0
Currently running jobs: 0
Waiting jobs: 2
Concurrency for section: 2/2
Matrix calculation node 1
	Mesh coverage: 5059200.00 %
	Estimated peak memory usage per node: 47 MB, tightness: 1.75 %
	Processor group: 0
Matrix calculation node 0
	Mesh coverage: 2121600.00 %
	Estimated peak memory usage per node: 36 MB, tightness: 1.34 %
	Processor group: 0
------------------------------------------------------------------

-----------------------------------
Mesh: # of points excl. TSTs: 77616
      # of points incl. TSTs: 77616
-----------------------------------

===========================================
Data rearrangement statistics:
Disk IO directories:	00:00:00.0010
Disk IO node domain files:	00:00:00.0186
Disk IO FI domain files:	00:00:00.0000
Disk IO meta information:	00:00:00.0074
Sequential merge (TST):	00:00:00.0000
===========================================

1xN000:  ==========================================================================
          - pinning rule in use   : PINNING_RULE_MCALC_SKIP_ALL
          - desired group         : 0, sockets = 0
          - num cores available   : 8
          - num accessible procs          : 8
          - num logical procs             : 8
          - affinity (main thread)        : 11111111
          - sockets                       : 0
          - potential cores               : 0,1,2,3,4,5,6,7
          - affinity                      : 11111111
          - core list                  (3): 0,1,2,3,4,5,6,7
          - active cores          : 0,1,2,3,4,5,6,7
          - hyperthreading        : on
          - skip pinning: + allowed number of sockets = available number of sockets
                          + hyperthreading allowed by solver
         ==========================================================================

1xN000:  ===================================================================================================
         Version: 2022.4 Release from 2022-04-26 (change 967892) [Release]
         Workflow: PBA matrix coefficients
         Operation: [fpba, meshfill, bg, port-path, tst, tst-nextgen, coeff, surface-imp, connectivity-tree]
         Architecture: Windows, ID: AMD64
         System Windows-64bit
         Using processor group 0/1
         HEX Mesh information:
         Hex mesh: node: [hxr o(0 | 0 | 0) s(27 | 49 | 18) np (no TSTs): 23814]
         Hex mesh: extended: [hxr o(0 | 0 | 0) s(29 | 49 | 18) np (no TSTs): 25578]
         ===================================================================================================

1xN000:  ------------------------------------------------------
         Memory status  on node "1xN000" for matrix calculation
         	Estimated memory consumption: 0.0360473 GB
         	Physical memory installed: 8.41907 GB
         	Available physical memory: 2.655 GB
         	Available relative memory: 31.5355%s
         ------------------------------------------------------

1xN000:  >>>>>>>>>>>>>>>>>>>>>>>>>>>>>>>>>>>>>>>>>>>>>>>>>
         2022 Sep 23 (Fri):  10:22:40
         started: calculating matrix coefficients per node
         >>>>>>>>>>>>>>>>>>>>>>>>>>>>>>>>>>>>>>>>>>>>>>>>>

1xN000:  ================================================================
         Matrix computation (PBA)
         	[PERFECT BOUNDARY APPROXIMATION (PBA) (R), version: default]
         	[GPU acceleration: off (by user)]
         Version 2022.4 (build 20220426)
         PBA version 2022042622
         Sub-Workflow: FARM-1xN-TST2-Node
         Workflow updated: -
         2022 Sep 23 (Fri):  10:22:40
         ================================================================

1xN000:  ----------------------------------------------
         Used point accuracy enhancement value: 72.00%.
         ----------------------------------------------

1xN000:  FARM allocation scheme: BBM
1xN000:  Gap-Detection activated for FARM-topology. Gaps are resolved, even partially.: gap tolerance value is 0.001000 and mesh geometry scale is 0.001000
1xN000:
1xN000:



1xN000:  ----------------------
         Acceleration mode: CPU
         ----------------------

1xN000:  Port homogenization method: M2H point index deviation
1xN000:  cccccccccccccccccccccccccccccccccccccccccccccccccccccccccccccccccccc
         FARM/Meshfill cache is set to 8 (local FI domains: 4, dynamic: true)
         cccccccccccccccccccccccccccccccccccccccccccccccccccccccccccccccccccc

1xN000:  =============================================================
         Hex cell analyzer settings:
         	max number of E fields per mesh edge: 2
         	max number of H fields per mesh face: 4
         	supporting dual grid: false
         	performance improvement: ROI limit: true
         	performance improvement: ROI threshold: 2
         	performance improvement: single topology extraction: true
         	performance improvement: pre-categorize cell volume: true
         	periodic align: 0
         	periodic cells: true
         	homogenization version: pid
         =============================================================

1xN000:  ssssssssssssssssssssssssssssssssssssssssss
         # of curls with SI accuracy enhancement: 0
         ssssssssssssssssssssssssssssssssssssssssss

1xN000:  ------------------------------------------------------------------------------
         PBA fill limit is applied in inverse mode.
         PBA fill limit is applied on faces filled with at least 99.00% metal material.
         --------------------------------------------------------------
         detailed accuracy settings:
         --------------------------------------------------------------
         augmented fill limit:       true
         augmented fill limit value: 99.00
         automatic fill limit:       true
         early fill limit:           true
         inverse fill limit:         true
         model complexity:           0.00
         legacy 2015:                false
         fixed point accuracy:       false
         minimum point accuracy:     0
         mesh step inheritance:      false
         accuracy mode:
         ------------------------------------------------------------------------------

1xN000:  =================================
         Finished matrix computation (PBA)
         =================================

1xN000:  <<<<<<<<<<<<<<<<<<<<<<<<<<<<<<<<<<<<<<<<<<<<<<<<<<<<<<<<<<<<
         2022 Sep 23 (Fri):  10:22:45
         Resource usage for calculating matrix coefficients per node:
         	Runtime                          00:00:05.00129
         	Peak Memory Estimation:                   36 MB
         	Peak Memory Usage:                        50 MB
         <<<<<<<<<<<<<<<<<<<<<<<<<<<<<<<<<<<<<<<<<<<<<<<<<<<<<<<<<<<<



1xN001:  ==========================================================================
          - pinning rule in use   : PINNING_RULE_MCALC_SKIP_ALL
          - desired group         : 0, sockets = 0
          - num cores available   : 8
          - num accessible procs          : 8
          - num logical procs             : 8
          - affinity (main thread)        : 11111111
          - sockets                       : 0
          - potential cores               : 0,1,2,3,4,5,6,7
          - affinity                      : 11111111
          - core list                  (3): 0,1,2,3,4,5,6,7
          - active cores          : 0,1,2,3,4,5,6,7
          - hyperthreading        : on
          - skip pinning: + allowed number of sockets = available number of sockets
                          + hyperthreading allowed by solver
         ==========================================================================

1xN001:  ===================================================================================================
         Version: 2022.4 Release from 2022-04-26 (change 967892) [Release]
         Workflow: PBA matrix coefficients
         Operation: [fpba, meshfill, bg, port-path, tst, tst-nextgen, coeff, surface-imp, connectivity-tree]
         Architecture: Windows, ID: AMD64
         System Windows-64bit
         Using processor group 0/1
         HEX Mesh information:
         Hex mesh: node: [hxr o(25 | 0 | 0) s(63 | 49 | 18) np (no TSTs): 55566]
         Hex mesh: extended: [hxr o(23 | 0 | 0) s(65 | 49 | 18) np (no TSTs): 57330]
         ===================================================================================================

1xN001:  ------------------------------------------------------
         Memory status  on node "1xN001" for matrix calculation
         	Estimated memory consumption: 0.0469025 GB
         	Physical memory installed: 8.41907 GB
         	Available physical memory: 2.655 GB
         	Available relative memory: 31.5355%s
         ------------------------------------------------------

1xN001:  >>>>>>>>>>>>>>>>>>>>>>>>>>>>>>>>>>>>>>>>>>>>>>>>>
         2022 Sep 23 (Fri):  10:22:40
         started: calculating matrix coefficients per node
         >>>>>>>>>>>>>>>>>>>>>>>>>>>>>>>>>>>>>>>>>>>>>>>>>

1xN001:  ================================================================
         Matrix computation (PBA)
         	[PERFECT BOUNDARY APPROXIMATION (PBA) (R), version: default]
         	[GPU acceleration: off (by user)]
         Version 2022.4 (build 20220426)
         PBA version 2022042622
         Sub-Workflow: FARM-1xN-TST2-Node
         Workflow updated: -
         2022 Sep 23 (Fri):  10:22:40
         ================================================================

1xN001:  ----------------------------------------------
         Used point accuracy enhancement value: 72.00%.
         ----------------------------------------------

1xN001:  FARM allocation scheme: BBM
1xN001:  Gap-Detection activated for FARM-topology. Gaps are resolved, even partially.: gap tolerance value is 0.001000 and mesh geometry scale is 0.001000
1xN001:
1xN001:



1xN001:  ----------------------
         Acceleration mode: CPU
         ----------------------

1xN001:  Port homogenization method: M2H point index deviation
1xN001:  cccccccccccccccccccccccccccccccccccccccccccccccccccccccccccccccccccc
         FARM/Meshfill cache is set to 8 (local FI domains: 8, dynamic: true)
         cccccccccccccccccccccccccccccccccccccccccccccccccccccccccccccccccccc

1xN001:  =============================================================
         Hex cell analyzer settings:
         	max number of E fields per mesh edge: 2
         	max number of H fields per mesh face: 4
         	supporting dual grid: false
         	performance improvement: ROI limit: true
         	performance improvement: ROI threshold: 2
         	performance improvement: single topology extraction: true
         	performance improvement: pre-categorize cell volume: true
         	periodic align: 0
         	periodic cells: true
         	homogenization version: pid
         =============================================================

1xN001:  ssssssssssssssssssssssssssssssssssssssssss
         # of curls with SI accuracy enhancement: 0
         ssssssssssssssssssssssssssssssssssssssssss

1xN001:  ------------------------------------------------------------------------------
         PBA fill limit is applied in inverse mode.
         PBA fill limit is applied on faces filled with at least 99.00% metal material.
         --------------------------------------------------------------
         detailed accuracy settings:
         --------------------------------------------------------------
         augmented fill limit:       true
         augmented fill limit value: 99.00
         automatic fill limit:       true
         early fill limit:           true
         inverse fill limit:         true
         model complexity:           0.00
         legacy 2015:                false
         fixed point accuracy:       false
         minimum point accuracy:     0
         mesh step inheritance:      false
         accuracy mode:
         ------------------------------------------------------------------------------

1xN001:  --------------------------------------
         Glued 0 metal grid points in port area
         --------------------------------------

1xN001:  =================================
         Finished matrix computation (PBA)
         =================================

1xN001:  <<<<<<<<<<<<<<<<<<<<<<<<<<<<<<<<<<<<<<<<<<<<<<<<<<<<<<<<<<<<
         2022 Sep 23 (Fri):  10:22:52
         Resource usage for calculating matrix coefficients per node:
         	Runtime                          00:00:11.00929
         	Peak Memory Estimation:                   47 MB
         	Peak Memory Usage:                       103 MB
         <<<<<<<<<<<<<<<<<<<<<<<<<<<<<<<<<<<<<<<<<<<<<<<<<<<<<<<<<<<<



<<<<<<<<<<<<<<<<<<<<<<<<<<<<<<<<<<<<<<<<<<<<<<<
2022 Sep 23 (Fri):  10:23:00
Resource usage for parallelization control:
	Runtime                      00:00:21.00307
<<<<<<<<<<<<<<<<<<<<<<<<<<<<<<<<<<<<<<<<<<<<<<<

------------------------------------------------------------------------------------------------------------------------------
PBAMeshFeedback - InfoMap: 0[ms] - SBCell navigation: Using legacy edges - CornerCorrectionLinesAndWires: 0[ms] - Write: 3[ms]
ConnectivityAXG - Load: 8[ms] - Setup: 6[ms] - Convert: 0[ms] ( Groups: 2 - Shapes: 3 - Threads: 4 ) - Write: 1[ms]
------------------------------------------------------------------------------------------------------------------------------

--------------------------------
# of staircase filled cells: 0
# of staircase filled areas: 0
# of staircase filled edges: 0
# of faces above fill limit: 0
# of edges with FPBA topology: 0
--------------------------------

--------------------------------
# of staircase filled cells: 0
# of staircase filled areas: 0
# of staircase filled edges: 0
# of faces above fill limit: 0
# of edges with FPBA topology: 0
--------------------------------

